0 info it worked if it ends with ok
1 verbose cli [ '/usr/local/bin/node', '/usr/local/bin/npm', 'run', 'test' ]
2 info using npm@3.8.9
3 info using node@v6.2.0
4 verbose run-script [ 'pretest', 'test', 'posttest' ]
5 info lifecycle d3_react_boilerplate@1.0.0~pretest: d3_react_boilerplate@1.0.0
6 silly lifecycle d3_react_boilerplate@1.0.0~pretest: no script for pretest, continuing
7 info lifecycle d3_react_boilerplate@1.0.0~test: d3_react_boilerplate@1.0.0
8 verbose lifecycle d3_react_boilerplate@1.0.0~test: unsafe-perm in lifecycle true
9 verbose lifecycle d3_react_boilerplate@1.0.0~test: PATH: /usr/local/lib/node_modules/npm/bin/node-gyp-bin:/Users/llewyn/work/src/personal/d3_react_boilerplate/node_modules/.bin:/usr/local/bin:/usr/local/bin:/usr/bin:/bin:/usr/sbin:/sbin:/usr/local/go/bin
10 verbose lifecycle d3_react_boilerplate@1.0.0~test: CWD: /Users/llewyn/work/src/personal/d3_react_boilerplate
11 silly lifecycle d3_react_boilerplate@1.0.0~test: Args: [ '-c',
11 silly lifecycle   'export NODE_ENV=testing|| set NODE_ENV=testing&& mocha -w test/helpers/browser.js test/**/*-test.js' ]
12 silly lifecycle d3_react_boilerplate@1.0.0~test: Returned: code: 1  signal: null
13 info lifecycle d3_react_boilerplate@1.0.0~test: Failed to exec test script
14 verbose stack Error: d3_react_boilerplate@1.0.0 test: `export NODE_ENV=testing|| set NODE_ENV=testing&& mocha -w test/helpers/browser.js test/**/*-test.js`
14 verbose stack Exit status 1
14 verbose stack     at EventEmitter.<anonymous> (/usr/local/lib/node_modules/npm/lib/utils/lifecycle.js:245:16)
14 verbose stack     at emitTwo (events.js:106:13)
14 verbose stack     at EventEmitter.emit (events.js:191:7)
14 verbose stack     at ChildProcess.<anonymous> (/usr/local/lib/node_modules/npm/lib/utils/spawn.js:24:14)
14 verbose stack     at emitTwo (events.js:106:13)
14 verbose stack     at ChildProcess.emit (events.js:191:7)
14 verbose stack     at maybeClose (internal/child_process.js:850:16)
14 verbose stack     at Process.ChildProcess._handle.onexit (internal/child_process.js:215:5)
15 verbose pkgid d3_react_boilerplate@1.0.0
16 verbose cwd /Users/llewyn/work/src/personal/d3_react_boilerplate
17 error Darwin 15.5.0
18 error argv "/usr/local/bin/node" "/usr/local/bin/npm" "run" "test"
19 error node v6.2.0
20 error npm  v3.8.9
21 error code ELIFECYCLE
22 error d3_react_boilerplate@1.0.0 test: `export NODE_ENV=testing|| set NODE_ENV=testing&& mocha -w test/helpers/browser.js test/**/*-test.js`
22 error Exit status 1
23 error Failed at the d3_react_boilerplate@1.0.0 test script 'export NODE_ENV=testing|| set NODE_ENV=testing&& mocha -w test/helpers/browser.js test/**/*-test.js'.
23 error Make sure you have the latest version of node.js and npm installed.
23 error If you do, this is most likely a problem with the d3_react_boilerplate package,
23 error not with npm itself.
23 error Tell the author that this fails on your system:
23 error     export NODE_ENV=testing|| set NODE_ENV=testing&& mocha -w test/helpers/browser.js test/**/*-test.js
23 error You can get information on how to open an issue for this project with:
23 error     npm bugs d3_react_boilerplate
23 error Or if that isn't available, you can get their info via:
23 error     npm owner ls d3_react_boilerplate
23 error There is likely additional logging output above.
24 verbose exit [ 1, true ]
